<?xml version="1.0" encoding="UTF-8"?>
<testng-results ignored="0" total="7" passed="7" failed="0" skipped="0">
  <reporter-output>
  </reporter-output>
  <suite started-at="2024-03-07T17:15:40 IST" name="Parallel Test Suite" finished-at="2024-03-07T17:16:09 IST" duration-ms="28100">
    <groups>
    </groups>
    <test started-at="2024-03-07T17:15:40 IST" name="End to End Booking Tests" finished-at="2024-03-07T17:16:09 IST" duration-ms="28100">
      <class name="io.github.rsinha.api.restfulbooker.RestfulBookingEnd2EndTest">
        <test-method is-config="true" signature="setUpBase()[pri:0, instance:io.github.rsinha.api.restfulbooker.RestfulBookingEnd2EndTest@6fa69af7]" started-at="2024-03-07T17:15:41 IST" name="setUpBase" finished-at="2024-03-07T17:15:59 IST" duration-ms="17933" status="PASS">
          <reporter-output>
          </reporter-output>
        </test-method> <!-- setUpBase -->
        <test-method signature="createBookingTest()[pri:0, instance:io.github.rsinha.api.restfulbooker.RestfulBookingEnd2EndTest@6fa69af7]" started-at="2024-03-07T17:15:59 IST" name="createBookingTest" finished-at="2024-03-07T17:16:02 IST" duration-ms="2947" status="PASS">
          <reporter-output>
          </reporter-output>
        </test-method> <!-- createBookingTest -->
        <test-method signature="getBookingTest()[pri:0, instance:io.github.rsinha.api.restfulbooker.RestfulBookingEnd2EndTest@6fa69af7]" started-at="2024-03-07T17:16:02 IST" name="getBookingTest" finished-at="2024-03-07T17:16:03 IST" depends-on-methods="io.github.rsinha.api.restfulbooker.RestfulBookingEnd2EndTest.createBookingTest" duration-ms="981" status="PASS">
          <reporter-output>
          </reporter-output>
        </test-method> <!-- getBookingTest -->
        <test-method signature="generateTokenTest()[pri:0, instance:io.github.rsinha.api.restfulbooker.RestfulBookingEnd2EndTest@6fa69af7]" started-at="2024-03-07T17:16:03 IST" name="generateTokenTest" finished-at="2024-03-07T17:16:04 IST" depends-on-methods="io.github.rsinha.api.restfulbooker.RestfulBookingEnd2EndTest.getBookingTest" duration-ms="1087" status="PASS">
          <reporter-output>
          </reporter-output>
        </test-method> <!-- generateTokenTest -->
        <test-method signature="updateBookingTest()[pri:0, instance:io.github.rsinha.api.restfulbooker.RestfulBookingEnd2EndTest@6fa69af7]" started-at="2024-03-07T17:16:04 IST" name="updateBookingTest" finished-at="2024-03-07T17:16:05 IST" depends-on-methods="io.github.rsinha.api.restfulbooker.RestfulBookingEnd2EndTest.generateTokenTest" duration-ms="1128" status="PASS">
          <reporter-output>
          </reporter-output>
        </test-method> <!-- updateBookingTest -->
        <test-method signature="patchBookingTest()[pri:0, instance:io.github.rsinha.api.restfulbooker.RestfulBookingEnd2EndTest@6fa69af7]" started-at="2024-03-07T17:16:05 IST" name="patchBookingTest" finished-at="2024-03-07T17:16:06 IST" depends-on-methods="io.github.rsinha.api.restfulbooker.RestfulBookingEnd2EndTest.updateBookingTest" duration-ms="1068" status="PASS">
          <reporter-output>
          </reporter-output>
        </test-method> <!-- patchBookingTest -->
        <test-method signature="deleteBookingTest()[pri:0, instance:io.github.rsinha.api.restfulbooker.RestfulBookingEnd2EndTest@6fa69af7]" started-at="2024-03-07T17:16:06 IST" name="deleteBookingTest" finished-at="2024-03-07T17:16:07 IST" depends-on-methods="io.github.rsinha.api.restfulbooker.RestfulBookingEnd2EndTest.patchBookingTest" duration-ms="1083" status="PASS">
          <reporter-output>
          </reporter-output>
        </test-method> <!-- deleteBookingTest -->
        <test-method signature="testBookingDeleted()[pri:0, instance:io.github.rsinha.api.restfulbooker.RestfulBookingEnd2EndTest@6fa69af7]" started-at="2024-03-07T17:16:08 IST" name="testBookingDeleted" finished-at="2024-03-07T17:16:09 IST" depends-on-methods="io.github.rsinha.api.restfulbooker.RestfulBookingEnd2EndTest.deleteBookingTest" duration-ms="1018" status="PASS">
          <reporter-output>
          </reporter-output>
        </test-method> <!-- testBookingDeleted -->
        <test-method is-config="true" signature="tearDown()[pri:0, instance:io.github.rsinha.api.restfulbooker.RestfulBookingEnd2EndTest@6fa69af7]" started-at="2024-03-07T17:16:09 IST" name="tearDown" finished-at="2024-03-07T17:16:09 IST" duration-ms="59" status="PASS">
          <reporter-output>
          </reporter-output>
        </test-method> <!-- tearDown -->
      </class> <!-- io.github.rsinha.api.restfulbooker.RestfulBookingEnd2EndTest -->
    </test> <!-- End to End Booking Tests -->
  </suite> <!-- Parallel Test Suite -->
</testng-results>
