<?xml version="1.0" encoding="UTF-8"?>
<testsuite xmlns:xsi="http://www.w3.org/2001/XMLSchema-instance" xsi:noNamespaceSchemaLocation="https://maven.apache.org/surefire/maven-surefire-plugin/xsd/surefire-test-report-3.0.xsd" version="3.0" name="TestSuite" time="34.867" tests="7" errors="0" skipped="0" failures="0">
  <properties>
[...]
</properties>
  <testcase name="createBookingTest" classname="io.github.rsinha.api.restfulbooker.RestfulBookingEnd2EndTest" time="3.319">
    <system-out><![CDATA[Current thread id is : 24
Current thread id is : 24
{"bookingid":2771,"booking":{"firstname":"Erin","lastname":"Kunze","totalprice":238,"depositpaid":true,"bookingdates":{"checkin":"2024-03-03","checkout":"2024-03-08"},"additionalneeds":"Breakfast"}}
2771
]]></system-out>
    <system-err><![CDATA[SLF4J: Failed to load class "org.slf4j.impl.StaticLoggerBinder".
SLF4J: Defaulting to no-operation (NOP) logger implementation
SLF4J: See http://www.slf4j.org/codes.html#StaticLoggerBinder for further details.
Mar 07, 2024 5:15:57 PM io.github.rsinha.api.manager.RequestManager setApiRequestContext
INFO: Base url : https://restful-booker.herokuapp.com & Headers : {Accept=application/json, content-type=application/json}
Mar 07, 2024 5:15:58 PM io.github.rsinha.api.manager.BaseTest setUpBase
INFO: Setup the request where baseURL : https://restful-booker.herokuapp.com
Mar 07, 2024 5:15:58 PM io.github.rsinha.api.manager.BaseTest setUpBase
INFO: Headers : {Accept=application/json, content-type=application/json}
Mar 07, 2024 5:15:58 PM io.github.rsinha.api.manager.BaseTest setUpBase
INFO: Set Booking data ....
Mar 07, 2024 5:16:00 PM io.github.rsinha.api.manager.RequestManager postRequest
INFO: Endpoint for making post request is : /booking
]]></system-err>
  </testcase>
  <testcase name="getBookingTest" classname="io.github.rsinha.api.restfulbooker.RestfulBookingEnd2EndTest" time="0.983">
    <system-out><![CDATA[Current thread id is : 27
]]></system-out>
    <system-err><![CDATA[Mar 07, 2024 5:16:02 PM io.github.rsinha.api.manager.RequestManager getRequest
INFO: Endpoint for making get request is : /booking/2771
]]></system-err>
  </testcase>
  <testcase name="generateTokenTest" classname="io.github.rsinha.api.restfulbooker.RestfulBookingEnd2EndTest" time="1.089">
    <system-out><![CDATA[Current thread id is : 27
]]></system-out>
    <system-err><![CDATA[Mar 07, 2024 5:16:03 PM io.github.rsinha.api.reqres.TokenBuilder getToken
INFO: Create token for username : admin & password : password123
Mar 07, 2024 5:16:03 PM io.github.rsinha.api.manager.RequestManager postRequest
INFO: Endpoint for making post request is : /auth
]]></system-err>
  </testcase>
  <testcase name="updateBookingTest" classname="io.github.rsinha.api.restfulbooker.RestfulBookingEnd2EndTest" time="1.132">
    <system-out><![CDATA[Current thread id is : 27
{"firstname":"Lupe","lastname":"Smitham","totalprice":1235,"depositpaid":true,"bookingdates":{"checkin":"2024-02-18","checkout":"2024-03-08"},"additionalneeds":"Breakfast"}
]]></system-out>
    <system-err><![CDATA[Mar 07, 2024 5:16:04 PM io.github.rsinha.api.manager.RequestManager putRequest
INFO: Endpoint for making put request is : /booking/2771
]]></system-err>
  </testcase>
  <testcase name="patchBookingTest" classname="io.github.rsinha.api.restfulbooker.RestfulBookingEnd2EndTest" time="1.079">
    <system-out><![CDATA[Current thread id is : 27
{"firstname":"Elenor","lastname":"Smitham","totalprice":2655,"depositpaid":true,"bookingdates":{"checkin":"2024-02-18","checkout":"2024-03-08"},"additionalneeds":"Breakfast"}
]]></system-out>
    <system-err><![CDATA[Mar 07, 2024 5:16:05 PM io.github.rsinha.api.manager.RequestManager patchRequest
INFO: Endpoint for making patch request is : /booking/2771
]]></system-err>
  </testcase>
  <testcase name="deleteBookingTest" classname="io.github.rsinha.api.restfulbooker.RestfulBookingEnd2EndTest" time="1.077">
    <system-out><![CDATA[Current thread id is : 24
Created
]]></system-out>
    <system-err><![CDATA[Mar 07, 2024 5:16:06 PM io.github.rsinha.api.manager.RequestManager deleteRequest
INFO: Endpoint for making delete request is : /booking/2771
]]></system-err>
  </testcase>
  <testcase name="testBookingDeleted" classname="io.github.rsinha.api.restfulbooker.RestfulBookingEnd2EndTest" time="1.05">
    <system-out><![CDATA[Current thread id is : 24
Booking is already deleted
]]></system-out>
    <system-err><![CDATA[Mar 07, 2024 5:16:08 PM io.github.rsinha.api.manager.RequestManager getRequest
INFO: Endpoint for making get request is : /booking/2771
]]></system-err>
  </testcase>
</testsuite>