<?xml version="1.0" encoding="UTF-8"?>
<!-- Generated by org.testng.reporters.JUnitXMLReporter -->
<testsuite ignored="0" hostname="AS-J9LZFK3-L" failures="0" tests="7" name="End to End Booking Tests" time="28.1" errors="0" timestamp="2024-03-07T17:16:09 IST">
  <testcase classname="io.github.rsinha.api.restfulbooker.RestfulBookingEnd2EndTest" name="createBookingTest" time="2.947"/>
  <testcase classname="io.github.rsinha.api.restfulbooker.RestfulBookingEnd2EndTest" name="getBookingTest" time="0.981"/>
  <testcase classname="io.github.rsinha.api.restfulbooker.RestfulBookingEnd2EndTest" name="generateTokenTest" time="1.087"/>
  <testcase classname="io.github.rsinha.api.restfulbooker.RestfulBookingEnd2EndTest" name="updateBookingTest" time="1.128"/>
  <testcase classname="io.github.rsinha.api.restfulbooker.RestfulBookingEnd2EndTest" name="patchBookingTest" time="1.068"/>
  <testcase classname="io.github.rsinha.api.restfulbooker.RestfulBookingEnd2EndTest" name="deleteBookingTest" time="1.083"/>
  <testcase classname="io.github.rsinha.api.restfulbooker.RestfulBookingEnd2EndTest" name="testBookingDeleted" time="1.018"/>
</testsuite> <!-- End to End Booking Tests -->
